<?xml version="1.0" encoding="UTF-8"?>
<testng-results skipped="0" failed="0" ignored="0" total="2" passed="2">
  <reporter-output>
  </reporter-output>
  <suite name="Default suite" duration-ms="27697" started-at="2019-11-30T17:52:05 IST" finished-at="2019-11-30T17:52:32 IST">
    <groups>
    </groups>
    <test name="Default test" duration-ms="27697" started-at="2019-11-30T17:52:05 IST" finished-at="2019-11-30T17:52:32 IST">
      <class name="com.functionaltest.selenium.TestVerifyTitle">
        <test-method status="PASS" signature="launch()[pri:0, instance:com.functionaltest.selenium.TestVerifyTitle@1f36e637]" name="launch" is-config="true" duration-ms="11831" started-at="2019-11-30T17:52:05 IST" finished-at="2019-11-30T17:52:17 IST">
          <reporter-output>
          </reporter-output>
        </test-method> <!-- launch -->
        <test-method status="PASS" signature="VerifyTitle()[pri:0, instance:com.functionaltest.selenium.TestVerifyTitle@1f36e637]" name="VerifyTitle" duration-ms="171" started-at="2019-11-30T17:52:17 IST" finished-at="2019-11-30T17:52:17 IST">
          <reporter-output>
          </reporter-output>
        </test-method> <!-- VerifyTitle -->
        <test-method status="PASS" signature="close()[pri:0, instance:com.functionaltest.selenium.TestVerifyTitle@1f36e637]" name="close" is-config="true" duration-ms="2145" started-at="2019-11-30T17:52:17 IST" finished-at="2019-11-30T17:52:19 IST">
          <reporter-output>
          </reporter-output>
        </test-method> <!-- close -->
        <test-method status="PASS" signature="launch()[pri:0, instance:com.functionaltest.selenium.TestVerifyTitle@1f36e637]" name="launch" is-config="true" duration-ms="10043" started-at="2019-11-30T17:52:19 IST" finished-at="2019-11-30T17:52:29 IST">
          <reporter-output>
          </reporter-output>
        </test-method> <!-- launch -->
        <test-method status="PASS" signature="Verifyurl()[pri:0, instance:com.functionaltest.selenium.TestVerifyTitle@1f36e637]" name="Verifyurl" duration-ms="734" started-at="2019-11-30T17:52:29 IST" finished-at="2019-11-30T17:52:30 IST">
          <reporter-output>
          </reporter-output>
        </test-method> <!-- Verifyurl -->
        <test-method status="PASS" signature="close()[pri:0, instance:com.functionaltest.selenium.TestVerifyTitle@1f36e637]" name="close" is-config="true" duration-ms="2706" started-at="2019-11-30T17:52:30 IST" finished-at="2019-11-30T17:52:32 IST">
          <reporter-output>
          </reporter-output>
        </test-method> <!-- close -->
      </class> <!-- com.functionaltest.selenium.TestVerifyTitle -->
    </test> <!-- Default test -->
  </suite> <!-- Default suite -->
</testng-results>
